0 info it worked if it ends with ok
1 verbose cli [ '/usr/local/bin/node', '/usr/local/bin/npm', 'publish' ]
2 info using npm@2.14.20
3 info using node@v4.4.0
4 verbose publish [ '.' ]
5 silly cache add args [ '.', null ]
6 verbose cache add spec .
7 silly cache add parsed spec Result {
7 silly cache add   raw: '.',
7 silly cache add   scope: null,
7 silly cache add   name: null,
7 silly cache add   rawSpec: '.',
7 silly cache add   spec: '/media/files/work/repo/mysql-insert-multiple',
7 silly cache add   type: 'directory' }
8 verbose addLocalDirectory /home/juji/.npm/mysql-insert-multiple/1.0.2/package.tgz not in flight; packing
9 verbose correctMkdir /home/juji/.npm correctMkdir not in flight; initializing
10 verbose tar pack [ '/home/juji/.npm/mysql-insert-multiple/1.0.2/package.tgz',
10 verbose tar pack   '/media/files/work/repo/mysql-insert-multiple' ]
11 verbose tarball /home/juji/.npm/mysql-insert-multiple/1.0.2/package.tgz
12 verbose folder /media/files/work/repo/mysql-insert-multiple
13 info prepublish mysql-insert-multiple@1.0.2
14 verbose addLocalTarball adding from inside cache /home/juji/.npm/mysql-insert-multiple/1.0.2/package.tgz
15 verbose correctMkdir /home/juji/.npm correctMkdir not in flight; initializing
16 silly cache afterAdd mysql-insert-multiple@1.0.2
17 verbose afterAdd /home/juji/.npm/mysql-insert-multiple/1.0.2/package/package.json not in flight; writing
18 verbose correctMkdir /home/juji/.npm correctMkdir not in flight; initializing
19 verbose afterAdd /home/juji/.npm/mysql-insert-multiple/1.0.2/package/package.json written
20 silly publish { name: 'mysql-insert-multiple',
20 silly publish   version: '1.0.2',
20 silly publish   description: 'Node.js Utility to generate mysql insert statement, with multiple values.',
20 silly publish   main: 'index.js',
20 silly publish   scripts: { test: 'echo "Error: no test specified" && exit 1' },
20 silly publish   author: '',
20 silly publish   license: 'ISC',
20 silly publish   dependencies: { mysql: '^2.10.2' },
20 silly publish   repository:
20 silly publish    { type: 'git',
20 silly publish      url: 'https://github.com/juji/mysql-insert-multiple' },
20 silly publish   devDependencies: { chai: '^3.5.0' },
20 silly publish   readme: '# mysql-insert-multiple\n\nUtility to generate mysql insert statement, with multiple values.\n\nData source can be Array of object, or streamed objects.\n\n## install\n```\nnpm install mysql-insert-multiple\n```\n\n## Simple Usage\n\n```js\nvar InsertQuery = require(\'mysql-insert-multiple\');\nInsertQuery( options );\n```\n\n**Example**:\n```js\nvar Query = InsertQuery({\n  table: \'person\',\n  data: [\n    {\n      \'name\': \'Jo\',\n      \'sex\' : \'Male\'\n    },\n    {\n      \'name\': \'Po\',\n      \'sex\' : \'Female\'\n    },\n  ]\n})\n\nconsole.log(Query.next());\n// insert into `person` (`name`,`sex`) values (\'Jo\',\'Male\'), (\'Po\',\'Female\')\n\n```\n\n### Default Settings\n```js\n{\n  maxRow: 5000,\n  maxByte: 10000000,\n  prefix: \'insert into\',\n  suffix: \'\'\n  data: undefined,\n  table: undefined,\n  database: undefined,\n}\n```\n\n**maxRow**\n> The maximum number of row in one query.\n\n**maxByte**\n> The maximum number of byte (character) in one query.\n\n**prefix**\n> Query prefix to use. e.g: *insert ignore into*\n\n**suffix**\n> Query suffix to use. e.g: *on duplicate key update \\`name\\` = values(\\`name\\`)*\n\n**data** (optional)\n> The data to insert to.\n\n**table**\n> The table to insert into.\n\n**database** (optional)\n> The database to insert into.\n\n## Streamed data source\nYou can use a streamed data source. As long as the data streamed is an object.\nLike, the one you get from a select statement, or streaming a csv file.\n\n```js\nvar conn = require(\'mysql\').createConnection( connOptions );\n\nconn.query(\'select * from sometable\').stream()\n.pipe( InsertQuery({ table: \'person\' }).stream() )\n.on(\'data\',function( query ){\n  console.log( query );\n});\n```\n\n## Composite data values\nYou can use mysql formatting in your data using composite data values. Composite data requires `string` and `value` to exists.\n\n```js\nvar Query = InsertQuery({\n  table: \'person\',\n  maxRow: 1,\n  data: [\n    {\n      \'name\': \'Jo\',\n      \'sex\' : { \n            string: \'select name from ?? where id = ?\', \n            value: [\'sexes\', 2] \n       }\n    },\n    {\n      \'name\': \'Po\',\n      \'sex\' : { \n            string: \'select name from ?? where id = ?\', \n            value: [\'sexes\', 1] \n       }\n    },\n  ]\n})\n\nconsole.log(Query.next());\n// insert into `person` (`name`,`sex`) values (\'Jo\', select name from `sexes` where id = 2)\n\nconsole.log(Query.next());\n// insert into `person` (`name`,`sex`) values (\'Po\', select name from `sexes` where id = 1)\n```\n\n',
20 silly publish   readmeFilename: 'README.md',
20 silly publish   gitHead: '8718ef88bd35e206007697e6697124cde436430c',
20 silly publish   bugs: { url: 'https://github.com/juji/mysql-insert-multiple/issues' },
20 silly publish   homepage: 'https://github.com/juji/mysql-insert-multiple',
20 silly publish   _id: 'mysql-insert-multiple@1.0.2',
20 silly publish   _shasum: '5e5aa762bf975d2d9e2a4baec19324c283af4cbe',
20 silly publish   _from: '.' }
21 verbose getPublishConfig undefined
22 silly mapToRegistry name mysql-insert-multiple
23 silly mapToRegistry using default registry
24 silly mapToRegistry registry https://registry.npmjs.org/
25 silly mapToRegistry uri https://registry.npmjs.org/mysql-insert-multiple
26 verbose publish registryBase https://registry.npmjs.org/
27 silly publish uploading /home/juji/.npm/mysql-insert-multiple/1.0.2/package.tgz
28 verbose request uri https://registry.npmjs.org/mysql-insert-multiple
29 verbose request sending authorization for write operation
30 info attempt registry request try #1 at 2:14:31 AM
31 verbose request using bearer token for auth
32 verbose request id d8c293a7fb18e991
33 http request PUT https://registry.npmjs.org/mysql-insert-multiple
34 http 403 https://registry.npmjs.org/mysql-insert-multiple
35 verbose headers { 'content-type': 'application/json',
35 verbose headers   'cache-control': 'max-age=300',
35 verbose headers   'content-length': '95',
35 verbose headers   'accept-ranges': 'bytes',
35 verbose headers   date: 'Mon, 09 May 2016 19:14:33 GMT',
35 verbose headers   via: '1.1 varnish',
35 verbose headers   connection: 'keep-alive',
35 verbose headers   'x-served-by': 'cache-sin6923-SIN',
35 verbose headers   'x-cache': 'MISS',
35 verbose headers   'x-cache-hits': '0',
35 verbose headers   'x-timer': 'S1462821272.380486,VS0,VE813',
35 verbose headers   vary: 'Accept-Encoding' }
36 verbose request invalidating /home/juji/.npm/registry.npmjs.org/mysql-insert-multiple on PUT
37 error publish Failed PUT 403
38 verbose stack Error: "You cannot publish over the previously published version 1.0.2." : mysql-insert-multiple
38 verbose stack     at makeError (/usr/local/lib/node_modules/npm/node_modules/npm-registry-client/lib/request.js:264:12)
38 verbose stack     at CachingRegistryClient.<anonymous> (/usr/local/lib/node_modules/npm/node_modules/npm-registry-client/lib/request.js:252:14)
38 verbose stack     at Request._callback (/usr/local/lib/node_modules/npm/node_modules/npm-registry-client/lib/request.js:172:14)
38 verbose stack     at Request.self.callback (/usr/local/lib/node_modules/npm/node_modules/request/request.js:199:22)
38 verbose stack     at emitTwo (events.js:87:13)
38 verbose stack     at Request.emit (events.js:172:7)
38 verbose stack     at Request.<anonymous> (/usr/local/lib/node_modules/npm/node_modules/request/request.js:1036:10)
38 verbose stack     at emitOne (events.js:82:20)
38 verbose stack     at Request.emit (events.js:169:7)
38 verbose stack     at IncomingMessage.<anonymous> (/usr/local/lib/node_modules/npm/node_modules/request/request.js:963:12)
39 verbose statusCode 403
40 verbose pkgid mysql-insert-multiple
41 verbose cwd /media/files/work/repo/mysql-insert-multiple
42 error Linux 4.4.7-300.fc23.x86_64
43 error argv "/usr/local/bin/node" "/usr/local/bin/npm" "publish"
44 error node v4.4.0
45 error npm  v2.14.20
46 error code E403
47 error "You cannot publish over the previously published version 1.0.2." : mysql-insert-multiple
48 error If you need help, you may report this error at:
48 error     <https://github.com/npm/npm/issues>
49 verbose exit [ 1, true ]
